<?xml version="1.0" encoding="UTF-8"?>
<testng-results ignored="0" total="1" passed="1" failed="0" skipped="0">
  <reporter-output>
  </reporter-output>
  <suite started-at="2026-02-02T11:09:58 IST" name="Default suite" finished-at="2026-02-02T11:10:16 IST" duration-ms="18197">
    <groups>
    </groups>
    <test started-at="2026-02-02T11:09:58 IST" name="Default test" finished-at="2026-02-02T11:10:16 IST" duration-ms="18197">
      <class name="com.orhrm.tests.AutomationSignup">
        <test-method is-config="true" signature="setUp()[pri:0, instance:com.orhrm.tests.AutomationSignup@3eb25e1a]" started-at="2026-02-02T11:09:58 IST" name="setUp" finished-at="2026-02-02T11:10:01 IST" duration-ms="3180" status="PASS">
          <reporter-output>
          </reporter-output>
        </test-method> <!-- setUp -->
        <test-method signature="tC1()[pri:0, instance:com.orhrm.tests.AutomationSignup@3eb25e1a]" started-at="2026-02-02T11:10:01 IST" name="tC1" finished-at="2026-02-02T11:10:11 IST" duration-ms="10370" status="PASS">
          <reporter-output>
          </reporter-output>
        </test-method> <!-- tC1 -->
        <test-method is-config="true" signature="tearDown()[pri:0, instance:com.orhrm.tests.AutomationSignup@3eb25e1a]" started-at="2026-02-02T11:10:11 IST" name="tearDown" finished-at="2026-02-02T11:10:16 IST" duration-ms="4601" status="PASS">
          <reporter-output>
          </reporter-output>
        </test-method> <!-- tearDown -->
      </class> <!-- com.orhrm.tests.AutomationSignup -->
    </test> <!-- Default test -->
  </suite> <!-- Default suite -->
</testng-results>
