<?xml version="1.0" encoding="UTF-8"?>
<!-- Generated by org.testng.reporters.JUnitReportReporter -->
<testsuite hostname="LP-TZD-5x45770" failures="0" tests="3" name="seleniumPackage.ParalleTest" time="32.473" errors="0" timestamp="2026-01-27T09:57:14 IST" skipped="0">
  <testcase classname="seleniumPackage.ParalleTest" name="test1" time="7.644"/>
  <testcase classname="seleniumPackage.ParalleTest" name="test3" time="9.602"/>
  <testcase classname="seleniumPackage.ParalleTest" name="test2" time="15.227"/>
</testsuite> <!-- seleniumPackage.ParalleTest -->
